# JRE version: Java(TM) SE Runtime Environment (8.0_191-b12) (build 1.8.0_191-b12)
# Java VM: Java HotSpot(TM) 64-Bit Server VM (25.191-b12 mixed mode windows-amd64 compressed oops)
Heap:
 PSYoungGen      total 36864K, used 2134K [0x00000000d7180000, 0x00000000d9a80000, 0x0000000100000000)
  eden space 31744K, 6% used [0x00000000d7180000,0x00000000d7395a90,0x00000000d9080000)
  from space 5120K, 0% used [0x00000000d9080000,0x00000000d9080000,0x00000000d9580000)
  to   space 5120K, 0% used [0x00000000d9580000,0x00000000d9580000,0x00000000d9a80000)
 ParOldGen       total 35840K, used 3711K [0x0000000085400000, 0x0000000087700000, 0x00000000d7180000)
  object space 35840K, 10% used [0x0000000085400000,0x000000008579fe28,0x0000000087700000)
 Metaspace       used 9739K, capacity 9958K, committed 10240K, reserved 1060864K
  class space    used 1155K, capacity 1206K, committed 1280K, reserved 1048576K
GC Heap History (4 events):
Event: 1.795 GC heap before
{Heap before GC invocations=1 (full 0):
 PSYoungGen      total 36864K, used 28182K [0x00000000d7180000, 0x00000000d9a80000, 0x0000000100000000)
  eden space 31744K, 88% used [0x00000000d7180000,0x00000000d8d05b08,0x00000000d9080000)
  from space 5120K, 0% used [0x00000000d9580000,0x00000000d9580000,0x00000000d9a80000)
  to   space 5120K, 0% used [0x00000000d9080000,0x00000000d9080000,0x00000000d9580000)
 ParOldGen       total 84992K, used 0K [0x0000000085400000, 0x000000008a700000, 0x00000000d7180000)
  object space 84992K, 0% used [0x0000000085400000,0x0000000085400000,0x000000008a700000)
 Metaspace       used 8303K, capacity 8454K, committed 8576K, reserved 1062912K
  class space    used 1000K, capacity 1046K, committed 1152K, reserved 1048576K
Event: 1.798 GC heap after
Heap after GC invocations=1 (full 0):
 PSYoungGen      total 36864K, used 3978K [0x00000000d7180000, 0x00000000d9a80000, 0x0000000100000000)
  eden space 31744K, 0% used [0x00000000d7180000,0x00000000d7180000,0x00000000d9080000)
  from space 5120K, 77% used [0x00000000d9080000,0x00000000d94628d8,0x00000000d9580000)
  to   space 5120K, 0% used [0x00000000d9580000,0x00000000d9580000,0x00000000d9a80000)
 ParOldGen       total 84992K, used 8K [0x0000000085400000, 0x000000008a700000, 0x00000000d7180000)
  object space 84992K, 0% used [0x0000000085400000,0x0000000085402000,0x000000008a700000)
 Metaspace       used 8303K, capacity 8454K, committed 8576K, reserved 1062912K
  class space    used 1000K, capacity 1046K, committed 1152K, reserved 1048576K
}
Event: 1.798 GC heap before
{Heap before GC invocations=2 (full 1):
 PSYoungGen      total 36864K, used 3978K [0x00000000d7180000, 0x00000000d9a80000, 0x0000000100000000)
  eden space 31744K, 0% used [0x00000000d7180000,0x00000000d7180000,0x00000000d9080000)
  from space 5120K, 77% used [0x00000000d9080000,0x00000000d94628d8,0x00000000d9580000)
  to   space 5120K, 0% used [0x00000000d9580000,0x00000000d9580000,0x00000000d9a80000)
 ParOldGen       total 84992K, used 8K [0x0000000085400000, 0x000000008a700000, 0x00000000d7180000)
  object space 84992K, 0% used [0x0000000085400000,0x0000000085402000,0x000000008a700000)
 Metaspace       used 8303K, capacity 8454K, committed 8576K, reserved 1062912K
  class space    used 1000K, capacity 1046K, committed 1152K, reserved 1048576K
Event: 1.809 GC heap after
Heap after GC invocations=2 (full 1):
 PSYoungGen      total 36864K, used 0K [0x00000000d7180000, 0x00000000d9a80000, 0x0000000100000000)
  eden space 31744K, 0% used [0x00000000d7180000,0x00000000d7180000,0x00000000d9080000)
  from space 5120K, 0% used [0x00000000d9080000,0x00000000d9080000,0x00000000d9580000)
  to   space 5120K, 0% used [0x00000000d9580000,0x00000000d9580000,0x00000000d9a80000)
 ParOldGen       total 35840K, used 3711K [0x0000000085400000, 0x0000000087700000, 0x00000000d7180000)
  object space 35840K, 10% used [0x0000000085400000,0x000000008579fe28,0x0000000087700000)
 Metaspace       used 8303K, capacity 8454K, committed 8576K, reserved 1060864K
  class space    used 1000K, capacity 1046K, committed 1152K, reserved 1048576K
}

